b:\programmingprojects\qt\equalizervs\x64\debug\vc142.pdb
b:\programmingprojects\qt\equalizervs\x64\debug\moc_mainwindow.obj
b:\programmingprojects\qt\equalizervs\x64\debug\main.obj
b:\programmingprojects\qt\equalizervs\x64\debug\mainwindow.obj
b:\programmingprojects\qt\equalizervs\x64\debug\uic\ui_mainwindow.h
b:\programmingprojects\qt\equalizervs\x64\debug\moc\moc_mainwindow.cpp
b:\programmingprojects\qt\equalizervs\x64\debug\vcpkg.applocal.log
b:\programmingprojects\qt\equalizervs\x64\debug\equalizervs.exe
b:\programmingprojects\qt\equalizervs\x64\debug\equalizervs.ilk
b:\programmingprojects\qt\equalizervs\x64\debug\equalizervs.pdb
b:\programmingprojects\qt\equalizervs\x64\debug\\moc\moc_mainwindow.cpp
b:\programmingprojects\qt\equalizervs\x64\debug\\uic\ui_mainwindow.h
b:\programmingprojects\qt\equalizervs\x64\debug\equalizervs.tlog\cl.command.1.tlog
b:\programmingprojects\qt\equalizervs\x64\debug\equalizervs.tlog\cl.read.1.tlog
b:\programmingprojects\qt\equalizervs\x64\debug\equalizervs.tlog\cl.write.1.tlog
b:\programmingprojects\qt\equalizervs\x64\debug\equalizervs.tlog\equalizervs.write.1u.tlog
b:\programmingprojects\qt\equalizervs\x64\debug\equalizervs.tlog\link.14428.delete.1.tlog
b:\programmingprojects\qt\equalizervs\x64\debug\equalizervs.tlog\link.16036.delete.1.tlog
b:\programmingprojects\qt\equalizervs\x64\debug\equalizervs.tlog\link.2364.delete.1.tlog
b:\programmingprojects\qt\equalizervs\x64\debug\equalizervs.tlog\link.command.1.tlog
b:\programmingprojects\qt\equalizervs\x64\debug\equalizervs.tlog\link.read.1.tlog
b:\programmingprojects\qt\equalizervs\x64\debug\equalizervs.tlog\link.write.1.tlog
b:\programmingprojects\qt\equalizervs\x64\debug\equalizervs.tlog\moc.read.1u.tlog
b:\programmingprojects\qt\equalizervs\x64\debug\equalizervs.tlog\moc.write.1u.tlog
b:\programmingprojects\qt\equalizervs\x64\debug\equalizervs.tlog\uic.read.1u.tlog
b:\programmingprojects\qt\equalizervs\x64\debug\equalizervs.tlog\uic.write.1u.tlog
